<?xml version="1.0" encoding="UTF-8"?>
<!-- Generated by org.testng.reporters.JUnitReportReporter -->
<testsuite skipped="0" hostname="DESKTOP-RVDVF0F" name="com.hrms.testcases.AddEmployeeTest" tests="3" failures="0" timestamp="2020-06-01T17:02:29 EDT" time="53.264" errors="0">
  <testcase name="addEmployee" time="17.444" classname="com.hrms.testcases.AddEmployeeTest"/>
  <system-out/>
  <testcase name="addEmployee" time="17.515" classname="com.hrms.testcases.AddEmployeeTest"/>
  <system-out/>
  <testcase name="addEmployee" time="18.305" classname="com.hrms.testcases.AddEmployeeTest"/>
  <system-out/>
</testsuite> <!-- com.hrms.testcases.AddEmployeeTest -->
