<?xml version="1.0" encoding="UTF-8"?>
<!-- Generated by org.testng.reporters.JUnitReportReporter -->
<testsuite skipped="0" hostname="DESKTOP-RVDVF0F" name="com.hrms.testcases.AddReportTest" tests="1" failures="0" timestamp="2020-06-02T20:21:34 EDT" time="55.300" errors="0">
  <testcase name="addReport" time="55.300" classname="com.hrms.testcases.AddReportTest"/>
  <system-out/>
</testsuite> <!-- com.hrms.testcases.AddReportTest -->
