<?xml version="1.0" encoding="UTF-8"?>
<!-- Generated by org.testng.reporters.JUnitReportReporter -->
<testsuite skipped="0" hostname="DESKTOP-RVDVF0F" name="com.hrms.testcases.LoginTest" tests="3" failures="0" timestamp="2020-05-30T14:10:45 EDT" time="30.859" errors="0">
  <testcase name="invalidPasswordLogin" time="6.920" classname="com.hrms.testcases.LoginTest"/>
  <system-out/>
  <testcase name="emptyUsernameLogin" time="10.688" classname="com.hrms.testcases.LoginTest"/>
  <system-out/>
  <testcase name="validAdminLogin" time="13.251" classname="com.hrms.testcases.LoginTest"/>
  <system-out/>
</testsuite> <!-- com.hrms.testcases.LoginTest -->
